0 info it worked if it ends with ok
1 verbose cli [ '/usr/local/node/bin/node',
1 verbose cli   '/usr/local/node/bin/npm',
1 verbose cli   'run',
1 verbose cli   'test' ]
2 info using npm@1.4.14
3 info using node@v0.10.29
4 verbose run-script [ 'pretest', 'test', 'posttest' ]
5 info pretest iron-chef@0.0.0
6 info test iron-chef@0.0.0
7 verbose unsafe-perm in lifecycle true
8 info iron-chef@0.0.0 Failed to exec test script
9 error iron-chef@0.0.0 test: `mocha test --recursive -R spec`
9 error Exit status 1
10 error Failed at the iron-chef@0.0.0 test script.
10 error This is most likely a problem with the iron-chef package,
10 error not with npm itself.
10 error Tell the author that this fails on your system:
10 error     mocha test --recursive -R spec
10 error You can get their info via:
10 error     npm owner ls iron-chef
10 error There is likely additional logging output above.
11 error System Linux 3.13.0-24-generic
12 error command "/usr/local/node/bin/node" "/usr/local/node/bin/npm" "run" "test"
13 error cwd /home/nss/apps/code/iron-chef
14 error node -v v0.10.29
15 error npm -v 1.4.14
16 error code ELIFECYCLE
17 verbose exit [ 1, true ]
